<?xml version="1.0" encoding="UTF-8"?>
<!-- Generated by org.testng.reporters.JUnitXMLReporter -->
<testsuite hostname="ndd-desk-dev094" ignored="0" name="Teste" tests="1" failures="1" timestamp="09 mai 2018 20:55:24 GMT" time="0.031" errors="0">
  <testcase name="testar_alvarino" time="0.016" classname="conexao.serra.SonarTest">
    <failure type="java.lang.AssertionError" message="expected [494928] but found [1]">
      <![CDATA[java.lang.AssertionError: expected [494928] but found [1]
at conexao.serra.SonarTest.testar_alvarino(SonarTest.java:14)
... Removed 31 stack frames]]>
    </failure>
  </testcase> <!-- testar_alvarino -->
</testsuite> <!-- Teste -->
